<?xml version="1.0" encoding="UTF-8"?>
<testsuite xmlns:xsi="http://www.w3.org/2001/XMLSchema-instance" xsi:noNamespaceSchemaLocation="https://maven.apache.org/surefire/maven-surefire-plugin/xsd/surefire-test-report-3.0.xsd" version="3.0" name="com.example.HibernateTest" time="1.065" tests="4" errors="1" skipped="0" failures="0">
  <properties>
[...]
</properties>
  <testcase name="delete" classname="com.example.HibernateTest" time="1.012">
    <error message="attempt to create delete event with null entity" type="java.lang.IllegalArgumentException"><![CDATA[java.lang.IllegalArgumentException: attempt to create delete event with null entity
	at org.hibernate.event.spi.DeleteEvent.<init>(DeleteEvent.java:31)
	at org.hibernate.internal.SessionImpl.delete(SessionImpl.java:911)
	at org.hibernate.internal.SessionImpl.remove(SessionImpl.java:2397)
	at com.example.HibernateTest.delete(HibernateTest.java:80)
	at java.base/java.lang.reflect.Method.invoke(Method.java:580)
	at java.base/java.util.ArrayList.forEach(ArrayList.java:1596)
	at java.base/java.util.ArrayList.forEach(ArrayList.java:1596)
]]></error>
    <system-out><![CDATA[Hibernate: 
    drop table if exists Employee
Hibernate: 
    create table Employee (
        age integer,
        id bigint not null auto_increment,
        name varchar(255),
        primary key (id)
    ) engine=InnoDB
Hibernate: 
    select
        e1_0.id,
        e1_0.age,
        e1_0.name 
    from
        Employee e1_0 
    where
        e1_0.id=?
]]></system-out>
    <system-err><![CDATA[Jan 18, 2024 4:11:27 PM org.hibernate.Version logVersion
INFO: HHH000412: Hibernate ORM core version 6.4.1.Final
Jan 18, 2024 4:11:27 PM org.hibernate.cache.internal.RegionFactoryInitiator initiateService
INFO: HHH000026: Second-level cache disabled
Jan 18, 2024 4:11:27 PM org.hibernate.engine.jdbc.connections.internal.DriverManagerConnectionProviderImpl configure
WARN: HHH10001002: Using built-in connection pool (not intended for production use)
Jan 18, 2024 4:11:27 PM org.hibernate.engine.jdbc.connections.internal.DriverManagerConnectionProviderImpl buildCreator
INFO: HHH10001005: Loaded JDBC driver class: com.mysql.cj.jdbc.Driver
Jan 18, 2024 4:11:27 PM org.hibernate.engine.jdbc.connections.internal.DriverManagerConnectionProviderImpl buildCreator
INFO: HHH10001012: Connecting with JDBC URL [jdbc:mysql://localhost:3306/hibernate_clase?createDatabaseIfNotExist=true]
Jan 18, 2024 4:11:27 PM org.hibernate.engine.jdbc.connections.internal.DriverManagerConnectionProviderImpl buildCreator
INFO: HHH10001001: Connection properties: {password=****, user=root}
Jan 18, 2024 4:11:27 PM org.hibernate.engine.jdbc.connections.internal.DriverManagerConnectionProviderImpl buildCreator
INFO: HHH10001003: Autocommit mode: false
Jan 18, 2024 4:11:27 PM org.hibernate.engine.jdbc.connections.internal.DriverManagerConnectionProviderImpl$PooledConnections <init>
INFO: HHH10001115: Connection pool size: 50 (min=1)
Jan 18, 2024 4:11:27 PM org.hibernate.dialect.Dialect checkVersion
WARN: HHH000511: The 5.5.0 version for [org.hibernate.dialect.MySQLDialect] is no longer supported, hence certain features may not work properly. The minimum supported version is 8.0.0. Check the community dialects project for available legacy versions.
Jan 18, 2024 4:11:28 PM org.hibernate.engine.transaction.jta.platform.internal.JtaPlatformInitiator initiateService
INFO: HHH000489: No JTA platform available (set 'hibernate.transaction.jta.platform' to enable JTA platform integration)
Jan 18, 2024 4:11:28 PM org.hibernate.resource.transaction.backend.jdbc.internal.DdlTransactionIsolatorNonJtaImpl getIsolatedConnection
INFO: HHH10001501: Connection obtained from JdbcConnectionAccess [org.hibernate.engine.jdbc.env.internal.JdbcEnvironmentInitiator$ConnectionProviderJdbcConnectionAccess@209f3887] for (non-JTA) DDL execution was not in auto-commit mode; the Connection 'local transaction' will be committed and the Connection will be set into auto-commit mode.
Jan 18, 2024 4:11:28 PM org.hibernate.resource.transaction.backend.jdbc.internal.DdlTransactionIsolatorNonJtaImpl getIsolatedConnection
INFO: HHH10001501: Connection obtained from JdbcConnectionAccess [org.hibernate.engine.jdbc.env.internal.JdbcEnvironmentInitiator$ConnectionProviderJdbcConnectionAccess@280fafd] for (non-JTA) DDL execution was not in auto-commit mode; the Connection 'local transaction' will be committed and the Connection will be set into auto-commit mode.
]]></system-err>
  </testcase>
  <testcase name="update" classname="com.example.HibernateTest" time="0.023">
    <system-out><![CDATA[Hibernate: 
    select
        e1_0.id,
        e1_0.age,
        e1_0.name 
    from
        Employee e1_0 
    where
        e1_0.id=?
Hibernate: 
    /* insert for
        com.example.model.Employee */insert 
    into
        Employee (age, name) 
    values
        (?, ?)
Employee{id=1, name='employee1', age=24}
]]></system-out>
  </testcase>
  <testcase name="persist" classname="com.example.HibernateTest" time="0.005">
    <system-out><![CDATA[Hibernate: 
    /* insert for
        com.example.model.Employee */insert 
    into
        Employee (age, name) 
    values
        (?, ?)
Hibernate: 
    /* insert for
        com.example.model.Employee */insert 
    into
        Employee (age, name) 
    values
        (?, ?)
]]></system-out>
  </testcase>
  <testcase name="retrieve" classname="com.example.HibernateTest" time="0.007">
    <system-out><![CDATA[Hibernate: 
    /* insert for
        com.example.model.Employee */insert 
    into
        Employee (age, name) 
    values
        (?, ?)
Hibernate: 
    /* insert for
        com.example.model.Employee */insert 
    into
        Employee (age, name) 
    values
        (?, ?)
Hibernate: 
    select
        e1_0.id,
        e1_0.age,
        e1_0.name 
    from
        Employee e1_0 
    where
        e1_0.id=?
Employee{id=1, name='employee1', age=24}
]]></system-out>
  </testcase>
</testsuite>